<?xml version="1.0" encoding="UTF-8"?>
<!-- Generated by org.testng.reporters.JUnitReportReporter -->
<testsuite hostname="DESKTOP-ECUP9G1" failures="0" tests="7" name="QueueCodes.LoginPageTest" time="8.551" errors="0" timestamp="2021-06-02T21:03:13 IST" skipped="0">
  <testcase classname="QueueCodes.LoginPageTest" name="basePageNavigation" time="0.496"/>
  <system-out/>
  <testcase classname="QueueCodes.LoginPageTest" name="basePageNavigation" time="0.380"/>
  <system-out/>
  <testcase classname="QueueCodes.LoginPageTest" name="basePageNavigation" time="4.992"/>
  <system-out/>
  <testcase classname="QueueCodes.LoginPageTest" name="basePageNavigation" time="0.818"/>
  <system-out/>
  <testcase classname="QueueCodes.LoginPageTest" name="basePageNavigation" time="0.566"/>
  <system-out/>
  <testcase classname="QueueCodes.LoginPageTest" name="basePageNavigation" time="0.390"/>
  <system-out/>
  <testcase classname="QueueCodes.LoginPageTest" name="basePageNavigation" time="0.909"/>
  <system-out/>
</testsuite> <!-- QueueCodes.LoginPageTest -->
