<?xml version="1.0" encoding="UTF-8"?>
<!-- Generated by org.testng.reporters.JUnitReportReporter -->
<testsuite hostname="DESKTOP-ECUP9G1" failures="0" tests="2" name="QueueCodes.ScenarioDashboard" time="10.992" errors="0" timestamp="2021-06-02T21:03:13 IST" skipped="0">
  <testcase classname="QueueCodes.ScenarioDashboard" name="clickMe" time="5.663"/>
  <system-out/>
  <testcase classname="QueueCodes.ScenarioDashboard" name="Scenario" time="5.329"/>
  <system-out/>
</testsuite> <!-- QueueCodes.ScenarioDashboard -->
