<?xml version="1.0" encoding="UTF-8"?>
<!-- Generated by org.testng.reporters.JUnitReportReporter -->
<testsuite hostname="DESKTOP-ECUP9G1" failures="0" tests="1" name="QueueCodes.TextValidation" time="0.057" errors="0" timestamp="2021-06-01T12:36:03 IST" skipped="0">
  <testcase classname="QueueCodes.TextValidation" name="textValidation" time="0.057"/>
  <system-out/>
</testsuite> <!-- QueueCodes.TextValidation -->
