<?xml version="1.0" encoding="UTF-8"?>
<!-- Generated by org.testng.reporters.JUnitReportReporter -->
<testsuite hostname="DESKTOP-ECUP9G1" failures="0" tests="9" name="QueueCodes.RegisterUser" time="4.616" errors="0" timestamp="2021-06-02T21:03:13 IST" skipped="0">
  <testcase classname="QueueCodes.RegisterUser" name="registerUser" time="0.528"/>
  <system-out/>
  <testcase classname="QueueCodes.RegisterUser" name="registerUser" time="0.424"/>
  <system-out/>
  <testcase classname="QueueCodes.RegisterUser" name="registerUser" time="0.856"/>
  <system-out/>
  <testcase classname="QueueCodes.RegisterUser" name="registerUser" time="0.417"/>
  <system-out/>
  <testcase classname="QueueCodes.RegisterUser" name="registerUser" time="0.546"/>
  <system-out/>
  <testcase classname="QueueCodes.RegisterUser" name="registerUser" time="0.467"/>
  <system-out/>
  <testcase classname="QueueCodes.RegisterUser" name="registerUser" time="0.460"/>
  <system-out/>
  <testcase classname="QueueCodes.RegisterUser" name="registerUser" time="0.438"/>
  <system-out/>
  <testcase classname="QueueCodes.RegisterUser" name="registerUser" time="0.480"/>
  <system-out/>
</testsuite> <!-- QueueCodes.RegisterUser -->
