<?xml version="1.0" encoding="UTF-8"?>
<!-- Generated by org.testng.reporters.JUnitReportReporter -->
<testsuite hostname="DESKTOP-ECUP9G1" failures="0" tests="1" name="QueueCodes.HPTitleValidaton" time="0.027" errors="0" timestamp="2021-06-02T21:03:13 IST" skipped="0">
  <testcase classname="QueueCodes.HPTitleValidaton" name="titleValidation" time="0.027"/>
  <system-out/>
</testsuite> <!-- QueueCodes.HPTitleValidaton -->
