<?xml version="1.0" encoding="UTF-8"?>
<!-- Generated by org.testng.reporters.JUnitReportReporter -->
<testsuite hostname="DESKTOP-ECUP9G1" failures="0" tests="1" name="QueueCodes.Users" time="3.539" errors="0" timestamp="2021-06-02T21:03:13 IST" skipped="0">
  <testcase classname="QueueCodes.Users" name="usersInHome" time="3.539"/>
  <system-out/>
</testsuite> <!-- QueueCodes.Users -->
