<?xml version="1.0" encoding="UTF-8"?>
<!-- Generated by org.testng.reporters.JUnitReportReporter -->
<testsuite skipped="0" hostname="DESKTOP-ECUP9G1" name="QueueCodes.ScenarioDashboard" tests="2" failures="0" timestamp="2021-06-03T23:31:35 IST" time="15.312" errors="0">
  <testcase name="clickMe" time="6.721" classname="QueueCodes.ScenarioDashboard"/>
  <system-out/>
  <testcase name="Scenario" time="8.591" classname="QueueCodes.ScenarioDashboard"/>
  <system-out/>
</testsuite> <!-- QueueCodes.ScenarioDashboard -->
