<?xml version="1.0" encoding="UTF-8"?>
<!-- Generated by org.testng.reporters.JUnitReportReporter -->
<testsuite skipped="0" hostname="DESKTOP-ECUP9G1" name="QueueCodes.LoginPageTest" tests="7" failures="0" timestamp="2021-06-03T23:31:35 IST" time="32.131" errors="0">
  <testcase name="basePageNavigation" time="0.718" classname="QueueCodes.LoginPageTest"/>
  <system-out/>
  <testcase name="basePageNavigation" time="0.489" classname="QueueCodes.LoginPageTest"/>
  <system-out/>
  <testcase name="basePageNavigation" time="16.788" classname="QueueCodes.LoginPageTest"/>
  <system-out/>
  <testcase name="basePageNavigation" time="11.578" classname="QueueCodes.LoginPageTest"/>
  <system-out/>
  <testcase name="basePageNavigation" time="1.701" classname="QueueCodes.LoginPageTest"/>
  <system-out/>
  <testcase name="basePageNavigation" time="0.410" classname="QueueCodes.LoginPageTest"/>
  <system-out/>
  <testcase name="basePageNavigation" time="0.447" classname="QueueCodes.LoginPageTest"/>
  <system-out/>
</testsuite> <!-- QueueCodes.LoginPageTest -->
