<?xml version="1.0" encoding="UTF-8"?>
<!-- Generated by org.testng.reporters.JUnitReportReporter -->
<testsuite skipped="0" hostname="DESKTOP-ECUP9G1" name="QueueCodes.RegisterUser" tests="9" failures="0" timestamp="2021-06-03T23:31:35 IST" time="5.860" errors="0">
  <testcase name="registerUser" time="0.696" classname="QueueCodes.RegisterUser"/>
  <system-out/>
  <testcase name="registerUser" time="0.435" classname="QueueCodes.RegisterUser"/>
  <system-out/>
  <testcase name="registerUser" time="0.419" classname="QueueCodes.RegisterUser"/>
  <system-out/>
  <testcase name="registerUser" time="0.786" classname="QueueCodes.RegisterUser"/>
  <system-out/>
  <testcase name="registerUser" time="0.475" classname="QueueCodes.RegisterUser"/>
  <system-out/>
  <testcase name="registerUser" time="0.879" classname="QueueCodes.RegisterUser"/>
  <system-out/>
  <testcase name="registerUser" time="0.794" classname="QueueCodes.RegisterUser"/>
  <system-out/>
  <testcase name="registerUser" time="0.966" classname="QueueCodes.RegisterUser"/>
  <system-out/>
  <testcase name="registerUser" time="0.410" classname="QueueCodes.RegisterUser"/>
  <system-out/>
</testsuite> <!-- QueueCodes.RegisterUser -->
