<?xml version="1.0" encoding="UTF-8"?>
<!-- Generated by org.testng.reporters.JUnitReportReporter -->
<testsuite skipped="0" hostname="DESKTOP-ECUP9G1" name="QueueCodes.Users" tests="1" failures="0" timestamp="2021-06-03T23:31:35 IST" time="3.465" errors="0">
  <testcase name="usersInHome" time="3.465" classname="QueueCodes.Users"/>
  <system-out/>
</testsuite> <!-- QueueCodes.Users -->
