<?xml version="1.0" encoding="UTF-8"?>
<!-- Generated by org.testng.reporters.JUnitReportReporter -->
<testsuite skipped="0" hostname="DESKTOP-ECUP9G1" name="QueueCodes.HPTitleValidaton" tests="1" failures="0" timestamp="2021-06-03T23:31:35 IST" time="0.327" errors="0">
  <testcase name="titleValidation" time="0.327" classname="QueueCodes.HPTitleValidaton"/>
  <system-out/>
</testsuite> <!-- QueueCodes.HPTitleValidaton -->
